#
# An unexpected error has been detected by Java Runtime Environment:
#
#  SIGSEGV (0xb) at pc=0x061e7ddb, pid=14530, tid=3036449648
#
# Java VM: Java HotSpot(TM) Client VM (1.6.0_01-b06 mixed mode, sharing)
# Problematic frame:
# V  [libjvm.so+0x1e7ddb]
#
# If you would like to submit a bug report, please visit:
#   http://java.sun.com/webapps/bugreport/crash.jsp
#

---------------  T H R E A D  ---------------

Current thread (0x09850800):  VMThread [id=14534]

siginfo:si_signo=11, si_errno=0, si_code=1, si_addr=0x84a26cc0

Registers:
EAX=0x84a26cc0, EBX=0x8c92d323, ECX=0x8c92d320, EDX=0x8ca2d3c8
ESP=0xb4fc7cd4, EBP=0xb4fc7ce8, ESI=0x8f9d7530, EDI=0x8ca2d3d0
EIP=0x061e7ddb, CR2=0x84a26cc0, EFLAGS=0x00010286

Top of Stack: (sp=0xb4fc7cd4)
0xb4fc7cd4:   8f9d7534 00000006 8ca2d3b8 09837658
0xb4fc7ce4:   8ca76a20 b4fc7d18 0634c6d7 8f9d73f0
0xb4fc7cf4:   8ca2d3b8 09837658 09837658 00000000
0xb4fc7d04:   00000000 8bfcbbf0 00000001 b4fc7e30
0xb4fc7d14:   09835e68 b4fc7d38 061db2bf 09837658
0xb4fc7d24:   b4fc7d90 b4fc7d48 06337b9e 06436318
0xb4fc7d34:   b39124b4 b4fc7d58 061dab48 b4fc7d70
0xb4fc7d44:   09837658 b4fc7d78 061dd0fe b4fc7d90 

Instructions: (pc=0x061e7ddb)
0x061e7dcb:   ff 00 00 8d 3c 82 39 fa 73 2f 8b 02 85 c0 74 22
0x061e7ddb:   8b 18 80 3d 2d c0 41 06 00 74 0c 89 d8 31 c9 83 

Stack: [0xb4f48000,0xb4fc9000),  sp=0xb4fc7cd4,  free space=511k
Native frames: (J=compiled Java code, j=interpreted, Vv=VM code, C=native code)
V  [libjvm.so+0x1e7ddb]
V  [libjvm.so+0x34c6d7]
V  [libjvm.so+0x1db2bf]
V  [libjvm.so+0x1dab48]
V  [libjvm.so+0x1da1ac]
V  [libjvm.so+0x1d2a32]
V  [libjvm.so+0x1d10ac]
V  [libjvm.so+0x1d2009]
V  [libjvm.so+0x1da60a]
V  [libjvm.so+0x1cfb14]
V  [libjvm.so+0x184025]
V  [libjvm.so+0x1cfe9c]
V  [libjvm.so+0x3af1de]
V  [libjvm.so+0x3c1367]
V  [libjvm.so+0x3c09ec]
V  [libjvm.so+0x3c0bba]
V  [libjvm.so+0x3c079f]
V  [libjvm.so+0x306aa3]
C  [libpthread.so.0+0x596e]

VM_Operation (0xb756268c): generation collection for allocation, mode: safepoint, requested by thread 0x09832000


---------------  P R O C E S S  ---------------

Java Threads: ( => current thread )
  0xb4a08400 JavaThread "Low Memory Detector" daemon [_thread_blocked, id=14539]
  0xb4a06c00 JavaThread "CompilerThread0" daemon [_thread_blocked, id=14538]
  0xb4a05800 JavaThread "Signal Dispatcher" daemon [_thread_blocked, id=14537]
  0x0985e400 JavaThread "Finalizer" daemon [_thread_blocked, id=14536]
  0x0985a000 JavaThread "Reference Handler" daemon [_thread_blocked, id=14535]
  0x09832000 JavaThread "main" [_thread_blocked, id=14533]

Other Threads:
=>0x09850800 VMThread [id=14534]
  0xb4a11c00 WatcherThread [id=14540]

VM state:at safepoint (normal execution)

VM Mutex/Monitor currently owned by a thread:  ([mutex/lock_event])
[0x0982fbd0/0x0982fbf8] Threads_lock - owner thread: 0x09850800
[0x09830090/0x098300a8] Heap_lock - owner thread: 0x09832000

Heap
 def new generation   total 1024K, used 63K [0x8b920000, 0x8ba30000, 0x8be00000)
  eden space 960K,   0% used [0x8b920000, 0x8b920000, 0x8ba10000)
  from space 64K,  99% used [0x8ba20000, 0x8ba2fff8, 0x8ba30000)
  to   space 64K,   0% used [0x8ba10000, 0x8ba10000, 0x8ba20000)
 tenured generation   total 12844K, used 12762K [0x8be00000, 0x8ca8b000, 0x8f920000)
   the space 12844K,  99% used [0x8be00000, 0x8ca76a20, 0x8c984a00, 0x8ca8b000)
 compacting perm gen  total 12288K, used 2228K [0x8f920000, 0x90520000, 0x93920000)
   the space 12288K,  18% used [0x8f920000, 0x8fb4d398, 0x8fb4d400, 0x90520000)
    ro space 8192K,  73% used [0x93920000, 0x93effff8, 0x93f00000, 0x94120000)
    rw space 12288K,  57% used [0x94120000, 0x94812750, 0x94812800, 0x94d20000)

Dynamic libraries:
06000000-06412000 r-xp 00000000 08:01 657761     /home/marczal/jdk1.6.0_01/jre/lib/i386/client/libjvm.so
06412000-0642b000 rwxp 00412000 08:01 657761     /home/marczal/jdk1.6.0_01/jre/lib/i386/client/libjvm.so
0642b000-0684a000 rwxp 00000000 00:00 0 
08048000-08052000 r-xp 00000000 08:01 1192978    /home/marczal/jdk1.6.0_01/bin/javac
08052000-08053000 rwxp 00009000 08:01 1192978    /home/marczal/jdk1.6.0_01/bin/javac
0982b000-09aaf000 rwxp 00000000 00:00 0          [heap]
8b920000-8ba30000 rwxp 00000000 00:00 0 
8ba30000-8be00000 rwxp 00000000 00:00 0 
8be00000-8ca8b000 rwxp 00000000 00:00 0 
8ca8b000-8f920000 rwxp 00000000 00:00 0 
8f920000-90520000 rwxp 00000000 00:00 0 
90520000-93920000 rwxp 00000000 00:00 0 
93920000-93f00000 r-xs 00001000 08:01 659156     /home/marczal/jdk1.6.0_01/jre/lib/i386/client/classes.jsa
93f00000-94120000 rwxp 00000000 00:00 0 
94120000-94813000 rwxp 005e1000 08:01 659156     /home/marczal/jdk1.6.0_01/jre/lib/i386/client/classes.jsa
94813000-94d20000 rwxp 00000000 00:00 0 
94d20000-94df9000 rwxp 00cd4000 08:01 659156     /home/marczal/jdk1.6.0_01/jre/lib/i386/client/classes.jsa
94df9000-95120000 rwxp 00000000 00:00 0 
95120000-95124000 r-xs 00dad000 08:01 659156     /home/marczal/jdk1.6.0_01/jre/lib/i386/client/classes.jsa
95124000-95520000 rwxp 00000000 00:00 0 
b3300000-b3337000 rwxp 00000000 00:00 0 
b3337000-b3400000 ---p 00000000 00:00 0 
b3498000-b3600000 r-xs 00d0c000 08:01 663683     /home/marczal/jdk1.6.0_01/lib/ct.sym
b3600000-b3700000 rwxp 00000000 00:00 0 
b3700000-b3800000 rwxp 00000000 00:00 0 
b3870000-b38cf000 r-xs 00baa000 08:01 1492747    /usr/lib/jvm/java-6-sun-1.6.0.24/lib/tools.jar
b38cf000-b38d1000 r-xs 00015000 08:01 238453     /usr/share/java/ant-junit-1.7.1.jar
b38d1000-b38d2000 r-xs 00001000 08:01 238455     /usr/share/java/ant-swing-1.7.1.jar
b38d2000-b38d3000 r-xs 00000000 08:01 238443     /usr/share/java/ant-apache-log4j-1.7.1.jar
b38d3000-b38d4000 r-xs 00001000 08:01 238450     /usr/share/java/ant-jdepend-1.7.1.jar
b38d4000-b38d5000 r-xs 00001000 08:01 238451     /usr/share/java/ant-jmf-1.7.1.jar
b38d5000-b38d7000 r-xs 00001000 08:01 238440     /usr/share/java/ant-apache-bcel-1.7.1.jar
b38d7000-b38d8000 r-xs 00001000 08:01 238449     /usr/share/java/ant-javamail-1.7.1.jar
b38d8000-b38ec000 r-xs 00135000 08:01 1888063    /usr/share/java/ant-1.7.1.jar
b38ec000-b38ed000 r-xs 00001000 08:01 238456     /usr/share/java/ant-trax-1.7.1.jar
b38ed000-b38ee000 r-xs 00000000 08:01 238441     /usr/share/java/ant-apache-bsf-1.7.1.jar
b38ee000-b38f0000 r-xs 00006000 08:01 238452     /usr/share/java/ant-jsch-1.7.1.jar
b38f0000-b38f8000 r-xs 00062000 08:01 238454     /usr/share/java/ant-nodeps-1.7.1.jar
b38f8000-b38f9000 r-xs 00000000 08:01 238447     /usr/share/java/ant-commons-logging-1.7.1.jar
b38f9000-b38fa000 r-xs 00000000 08:01 238445     /usr/share/java/ant-apache-regexp-1.7.1.jar
b38fa000-b38fc000 r-xs 00008000 08:01 238444     /usr/share/java/ant-apache-oro-1.7.1.jar
b38fc000-b38fe000 r-xs 0000a000 08:01 238448     /usr/share/java/ant-commons-net-1.7.1.jar
b38fe000-b38ff000 r-xs 00001000 08:01 238436     /usr/share/java/ant-antlr-1.7.1.jar
b38ff000-b3900000 r-xs 00000000 08:01 238446     /usr/share/java/ant-apache-resolver-1.7.1.jar
b3900000-b39fb000 rwxp 00000000 00:00 0 
b39fb000-b3a00000 ---p 00000000 00:00 0 
b3a27000-b3a2a000 r-xs 000ca000 08:01 659160     /home/marczal/jdk1.6.0_01/jre/lib/ext/localedata.jar
b3a2a000-b3a2c000 r-xs 00001000 08:01 657738     /home/marczal/jdk1.6.0_01/jre/lib/ext/dnsns.jar
b3a2c000-b3a2f000 r-xs 00034000 08:01 657736     /home/marczal/jdk1.6.0_01/jre/lib/ext/sunpkcs11.jar
b3a2f000-b3a32000 r-xs 00027000 08:01 657735     /home/marczal/jdk1.6.0_01/jre/lib/ext/sunjce_provider.jar
b3a32000-b3a40000 r-xs 00656000 08:01 659157     /home/marczal/jdk1.6.0_01/jre/lib/charsets.jar
b3a40000-b3a43000 r-xs 00013000 08:01 657883     /home/marczal/jdk1.6.0_01/jre/lib/jce.jar
b3a43000-b3a49000 r-xs 00091000 08:01 657862     /home/marczal/jdk1.6.0_01/jre/lib/jsse.jar
b3a49000-b3a50000 r-xs 00106000 08:01 657967     /home/marczal/jdk1.6.0_01/jre/lib/resources.jar
b3a50000-b3a68000 r-xs 00114000 08:01 1888060    /usr/share/java/xercesImpl-2.9.1.jar
b3a68000-b3a70000 r-xs 0002d000 08:01 1377822    /usr/share/maven-repo/javax/xml/jaxp-api/1.3/jaxp-api-1.3.jar
b3a70000-b3a71000 r-xs 00002000 08:01 1888064    /usr/share/java/ant-launcher-1.7.1.jar
b3a71000-b3a79000 r-xs 00042000 08:01 874245     /home/marczal/workspaceDoc/carrie/lib/xmlsec-2.0.jar
b3a79000-b3a81000 r-xs 00047000 08:01 2118133    /home/marczal/workspaceDoc/carrie/lib/simple-xml-2.4.1.jar
b3a81000-b3a8b000 r-xs 000ef000 08:01 2109620    /home/marczal/workspaceDoc/carrie/lib/plugin.jar
b3a8b000-b3a8e000 r-xs 0000c000 08:01 656637     /home/marczal/workspaceDoc/carrie/lib/objenesis-tck-1.2.jar
b3a8e000-b3a94000 r-xs 0007f000 08:01 165695     /home/marczal/workspaceDoc/carrie/lib/mysql-connector-java-5.0.8-bin.jar
b3a94000-b3a97000 r-xs 00019000 08:01 2109602    /home/marczal/workspaceDoc/carrie/lib/easymock-3.0.jar
b3a97000-b3ac7000 r-xs 00227000 08:01 165688     /home/marczal/workspaceDoc/carrie/lib/db4o-7.12.156.14667-all-java5.jar
b3ac7000-b3aca000 r-xs 00024000 08:01 2117996    /home/marczal/workspaceDoc/carrie/lib/commons-io-2.0.1.jar
b3aca000-b3ad1000 r-xs 0003e000 08:01 660512     /home/marczal/workspaceDoc/carrie/lib/cglib-2.2.jar
b3ad1000-b3ad4000 r-xs 0000b000 08:01 2109946    /home/marczal/workspaceDoc/carrie/lib/balloontip-1.1.1.jar
b3ad4000-b3ad9000 r-xs 0002e000 08:01 975905     /home/marczal/workspaceDoc/carrie/lib/asm-all-3.3.1.jar
b3ad9000-b3ada000 r-xs 00000000 08:01 2109323    /home/marczal/workspaceDoc/carrie/lib/Fest-Swing/jcip-annotations-1.0.jar
b3ada000-b3adc000 r-xs 00002000 08:01 2109303    /home/marczal/workspaceDoc/carrie/lib/Fest-Swing/fest-util-1.0.jar
b3adc000-b3add000 r-xs 00003000 08:01 2109302    /home/marczal/workspaceDoc/carrie/lib/Fest-Swing/fest-util-1.0-sources.jar
b3add000-b3aec000 r-xs 0007f000 08:01 2109325    /home/marczal/workspaceDoc/carrie/lib/Fest-Swing/fest-swing-1.0rc2.jar
b3aec000-b3aee000 r-xs 00004000 08:01 2109322    /home/marczal/workspaceDoc/carrie/lib/Fest-Swing/fest-reflect-1.0.jar
b3aee000-b3af0000 r-xs 00005000 08:01 2109304    /home/marczal/workspaceDoc/carrie/lib/Fest-Swing/fest-reflect-1.0-sources.jar
b3af0000-b3af2000 r-xs 00010000 08:01 2109301    /home/marczal/workspaceDoc/carrie/lib/Fest-Swing/fest-assert-1.0.jar
b3af2000-b3af4000 r-xs 00010000 08:01 2109305    /home/marczal/workspaceDoc/carrie/lib/Fest-Swing/fest-assert-1.0-sources.jar
b3af4000-b3b24000 rwxp 00000000 00:00 0 
b3b24000-b3c9f000 r-xs 02c75000 08:01 655624     /home/marczal/jdk1.6.0_01/jre/lib/rt.jar
b3c9f000-b3cfb000 r-xs 00b3c000 08:01 664535     /home/marczal/jdk1.6.0_01/lib/tools.jar
b3cfb000-b3cfc000 ---p 00000000 00:00 0 
b3cfc000-b3d7c000 rwxp 00000000 00:00 0 
b3d7c000-b3d7f000 ---p 00000000 00:00 0 
b3d7f000-b417d000 rwxp 00000000 00:00 0 
b417d000-b4180000 ---p 00000000 00:00 0 
b4180000-b41fe000 rwxp 00000000 00:00 0 
b41fe000-b4201000 ---p 00000000 00:00 0 
b4201000-b45ff000 rwxp 00000000 00:00 0 
b45ff000-b4602000 ---p 00000000 00:00 0 
b4602000-b4a00000 rwxp 00000000 00:00 0 
b4a00000-b4b00000 rwxp 00000000 00:00 0 
b4b01000-b4b08000 r-xs 00000000 08:01 311801     /usr/lib/gconv/gconv-modules.cache
b4b08000-b4b47000 r-xp 00000000 08:01 1115045    /usr/lib/locale/en_US.utf8/LC_CTYPE
b4b47000-b4b4a000 ---p 00000000 00:00 0 
b4b4a000-b4f48000 rwxp 00000000 00:00 0 
b4f48000-b4f49000 ---p 00000000 00:00 0 
b4f49000-b4fd7000 rwxp 00000000 00:00 0 
b4fd7000-b4ff1000 rwxp 00000000 00:00 0 
b4ff1000-b4ff8000 rwxp 00000000 00:00 0 
b4ff8000-b500f000 rwxp 00000000 00:00 0 
b500f000-b5010000 rwxp 00000000 00:00 0 
b5010000-b5011000 rwxp 00000000 00:00 0 
b5011000-b5018000 rwxp 00000000 00:00 0 
b5018000-b502f000 rwxp 00000000 00:00 0 
b502f000-b5035000 rwxp 00000000 00:00 0 
b5035000-b504f000 rwxp 00000000 00:00 0 
b504f000-b5060000 rwxp 00000000 00:00 0 
b5060000-b50da000 rwxp 00000000 00:00 0 
b50da000-b524a000 rwxp 00000000 00:00 0 
b524a000-b70da000 rwxp 00000000 00:00 0 
b70da000-b70e9000 r-xp 00000000 08:01 657781     /home/marczal/jdk1.6.0_01/jre/lib/i386/libzip.so
b70e9000-b70eb000 rwxp 0000e000 08:01 657781     /home/marczal/jdk1.6.0_01/jre/lib/i386/libzip.so
b70eb000-b710e000 r-xp 00000000 08:01 657776     /home/marczal/jdk1.6.0_01/jre/lib/i386/libjava.so
b710e000-b7110000 rwxp 00023000 08:01 657776     /home/marczal/jdk1.6.0_01/jre/lib/i386/libjava.so
b7110000-b711b000 r-xp 00000000 08:01 657775     /home/marczal/jdk1.6.0_01/jre/lib/i386/libverify.so
b711b000-b711c000 rwxp 0000b000 08:01 657775     /home/marczal/jdk1.6.0_01/jre/lib/i386/libverify.so
b711c000-b7126000 r-xp 00000000 08:01 540865     /lib/tls/i686/cmov/libnss_files-2.11.1.so
b7126000-b7127000 r-xp 00009000 08:01 540865     /lib/tls/i686/cmov/libnss_files-2.11.1.so
b7127000-b7128000 rwxp 0000a000 08:01 540865     /lib/tls/i686/cmov/libnss_files-2.11.1.so
b7128000-b7130000 r-xp 00000000 08:01 540867     /lib/tls/i686/cmov/libnss_nis-2.11.1.so
b7130000-b7131000 r-xp 00007000 08:01 540867     /lib/tls/i686/cmov/libnss_nis-2.11.1.so
b7131000-b7132000 rwxp 00008000 08:01 540867     /lib/tls/i686/cmov/libnss_nis-2.11.1.so
b7132000-b7145000 r-xp 00000000 08:01 540862     /lib/tls/i686/cmov/libnsl-2.11.1.so
b7145000-b7146000 r-xp 00012000 08:01 540862     /lib/tls/i686/cmov/libnsl-2.11.1.so
b7146000-b7147000 rwxp 00013000 08:01 540862     /lib/tls/i686/cmov/libnsl-2.11.1.so
b7147000-b7149000 rwxp 00000000 00:00 0 
b7149000-b714b000 r-xs 00003000 08:01 2109324    /home/marczal/workspaceDoc/carrie/lib/Fest-Swing/debug-1.0.jar
b714b000-b714d000 r-xs 00003000 08:01 2109306    /home/marczal/workspaceDoc/carrie/lib/Fest-Swing/MRJToolkitStubs-1.0.jar
b714d000-b7152000 rwxp 00000000 00:00 0 
b7152000-b715a000 rwxs 00000000 08:01 1042768    /tmp/hsperfdata_marczal/14530
b715a000-b7161000 r-xp 00000000 08:01 540872     /lib/tls/i686/cmov/librt-2.11.1.so
b7161000-b7162000 r-xp 00006000 08:01 540872     /lib/tls/i686/cmov/librt-2.11.1.so
b7162000-b7163000 rwxp 00007000 08:01 540872     /lib/tls/i686/cmov/librt-2.11.1.so
b7163000-b7166000 ---p 00000000 00:00 0 
b7166000-b7564000 rwxp 00000000 00:00 0 
b7564000-b7588000 r-xp 00000000 08:01 540860     /lib/tls/i686/cmov/libm-2.11.1.so
b7588000-b7589000 r-xp 00023000 08:01 540860     /lib/tls/i686/cmov/libm-2.11.1.so
b7589000-b758a000 rwxp 00024000 08:01 540860     /lib/tls/i686/cmov/libm-2.11.1.so
b758a000-b758b000 rwxp 00000000 00:00 0 
b758b000-b76de000 r-xp 00000000 08:01 1786974    /lib/tls/i686/cmov/libc-2.11.1.so
b76de000-b76df000 ---p 00153000 08:01 1786974    /lib/tls/i686/cmov/libc-2.11.1.so
b76df000-b76e1000 r-xp 00153000 08:01 1786974    /lib/tls/i686/cmov/libc-2.11.1.so
b76e1000-b76e2000 rwxp 00155000 08:01 1786974    /lib/tls/i686/cmov/libc-2.11.1.so
b76e2000-b76e5000 rwxp 00000000 00:00 0 
b76e5000-b76e7000 r-xp 00000000 08:01 540859     /lib/tls/i686/cmov/libdl-2.11.1.so
b76e7000-b76e8000 r-xp 00001000 08:01 540859     /lib/tls/i686/cmov/libdl-2.11.1.so
b76e8000-b76e9000 rwxp 00002000 08:01 540859     /lib/tls/i686/cmov/libdl-2.11.1.so
b76e9000-b76f0000 r-xp 00000000 08:01 657779     /home/marczal/jdk1.6.0_01/jre/lib/i386/jli/libjli.so
b76f0000-b76f2000 rwxp 00006000 08:01 657779     /home/marczal/jdk1.6.0_01/jre/lib/i386/jli/libjli.so
b76f2000-b76f3000 rwxp 00000000 00:00 0 
b76f3000-b7708000 r-xp 00000000 08:01 540870     /lib/tls/i686/cmov/libpthread-2.11.1.so
b7708000-b7709000 r-xp 00014000 08:01 540870     /lib/tls/i686/cmov/libpthread-2.11.1.so
b7709000-b770a000 rwxp 00015000 08:01 540870     /lib/tls/i686/cmov/libpthread-2.11.1.so
b770a000-b770c000 rwxp 00000000 00:00 0 
b770c000-b7712000 r-xp 00000000 08:01 540863     /lib/tls/i686/cmov/libnss_compat-2.11.1.so
b7712000-b7713000 r-xp 00006000 08:01 540863     /lib/tls/i686/cmov/libnss_compat-2.11.1.so
b7713000-b7714000 rwxp 00007000 08:01 540863     /lib/tls/i686/cmov/libnss_compat-2.11.1.so
b7714000-b771a000 r-xp 00000000 08:01 657743     /home/marczal/jdk1.6.0_01/jre/lib/i386/native_threads/libhpi.so
b771a000-b771b000 rwxp 00006000 08:01 657743     /home/marczal/jdk1.6.0_01/jre/lib/i386/native_threads/libhpi.so
b771b000-b771c000 rwxp 00000000 00:00 0 
b771c000-b771d000 ---p 00000000 00:00 0 
b771d000-b771f000 rwxp 00000000 00:00 0 
b771f000-b7720000 r-xp 00000000 00:00 0          [vdso]
b7720000-b773b000 r-xp 00000000 08:01 1761628    /lib/ld-2.11.1.so
b773b000-b773c000 r-xp 0001a000 08:01 1761628    /lib/ld-2.11.1.so
b773c000-b773d000 rwxp 0001b000 08:01 1761628    /lib/ld-2.11.1.so
bf8d6000-bf8ec000 rwxp 00000000 00:00 0          [stack]

VM Arguments:
jvm_args: -Dapplication.home=/home/marczal/jdk1.6.0_01 -Xms8m -Xss4m -ea:com.sun.tools...
java_command: com.sun.tools.javac.Main -d /home/marczal/workspaceDoc/carrie/bin -classpath /home/marczal/workspaceDoc/carrie/bin:/home/marczal/workspaceDoc/carrie/lib/Fest-Swing/MRJToolkitStubs-1.0.jar:/home/marczal/workspaceDoc/carrie/lib/Fest-Swing/debug-1.0.jar:/home/marczal/workspaceDoc/carrie/lib/Fest-Swing/fest-assert-1.0-sources.jar:/home/marczal/workspaceDoc/carrie/lib/Fest-Swing/fest-assert-1.0.jar:/home/marczal/workspaceDoc/carrie/lib/Fest-Swing/fest-reflect-1.0-sources.jar:/home/marczal/workspaceDoc/carrie/lib/Fest-Swing/fest-reflect-1.0.jar:/home/marczal/workspaceDoc/carrie/lib/Fest-Swing/fest-swing-1.0rc2.jar:/home/marczal/workspaceDoc/carrie/lib/Fest-Swing/fest-util-1.0-sources.jar:/home/marczal/workspaceDoc/carrie/lib/Fest-Swing/fest-util-1.0.jar:/home/marczal/workspaceDoc/carrie/lib/Fest-Swing/jcip-annotations-1.0.jar:/home/marczal/workspaceDoc/carrie/lib/asm-all-3.3.1.jar:/home/marczal/workspaceDoc/carrie/lib/balloontip-1.1.1.jar:/home/marczal/workspaceDoc/carrie/lib/cglib-2.2.jar:/home/marczal/workspaceDoc/carrie/lib/commons-io-2.0.1.jar:/home/marczal/workspaceDoc/carrie/lib/db4o-7.12.156.14667-all-java5.jar:/home/marczal/workspaceDoc/carrie/lib/easymock-3.0.jar:/home/marczal/workspaceDoc/carrie/lib/mysql-connector-java-5.0.8-bin.jar:/home/marczal/workspaceDoc/carrie/lib/objenesis-tck-1.2.jar:/home/marczal/workspaceDoc/carrie/lib/plugin.jar:/home/marczal/workspaceDoc/carrie/lib/simple-xml-2.4.1.jar:/home/marczal/workspaceDoc/carrie/lib/xmlsec-2.0.jar:/usr/share/ant/lib/ant-launcher.jar:/usr/share/java/xmlParserAPIs.jar:/usr/share/java/xercesImpl.jar:/usr/share/ant/lib/ant-apache-resolver.jar:/usr/share/ant/lib/ant-antlr.jar:/usr/share/ant/lib/ant-commons-net.jar:/usr/share/ant/lib/ant-apache-oro.jar:/usr/share/ant/lib/ant-apache-regexp.jar:/usr/share/ant/lib/ant-commons-logging.jar:/usr/share/ant/lib/ant-nodeps.jar:/usr/share/ant/lib/ant-jsch.jar:/usr/share/ant/lib/ant-apache-bsf.jar:/usr/share/ant/lib/ant-trax.jar:/usr/share/ant/lib/ant.jar:/usr
Launcher Type: SUN_STANDARD

Environment Variables:
PATH=/home/marczal/.rvm/bin:/usr/local/sbin:/usr/local/bin:/usr/sbin:/usr/bin:/sbin:/bin:/usr/games
USERNAME=marczal
LD_LIBRARY_PATH=/home/marczal/jdk1.6.0_01/jre/lib/i386/client:/home/marczal/jdk1.6.0_01/jre/lib/i386:/home/marczal/jdk1.6.0_01/jre/../lib/i386:/usr/lib/jvm/java-6-sun-1.6.0.24/jre/lib/i386/server:/usr/lib/jvm/java-6-sun-1.6.0.24/jre/lib/i386:/usr/lib/jvm/java-6-sun-1.6.0.24/jre/../lib/i386
SHELL=/bin/bash
DISPLAY=:0.0

Signal Handlers:
SIGSEGV: [libjvm.so+0x3aeee0], sa_mask[0]=0x7ffbfeff, sa_flags=0x10000004
SIGBUS: [libjvm.so+0x3aeee0], sa_mask[0]=0x7ffbfeff, sa_flags=0x10000004
SIGFPE: [libjvm.so+0x305260], sa_mask[0]=0x7ffbfeff, sa_flags=0x10000004
SIGPIPE: [libjvm.so+0x305260], sa_mask[0]=0x7ffbfeff, sa_flags=0x10000004
SIGILL: [libjvm.so+0x305260], sa_mask[0]=0x7ffbfeff, sa_flags=0x10000004
SIGUSR1: SIG_DFL, sa_mask[0]=0x00000000, sa_flags=0x00000000
SIGUSR2: [libjvm.so+0x307270], sa_mask[0]=0x00000004, sa_flags=0x10000004
SIGHUP: [libjvm.so+0x306c90], sa_mask[0]=0x7ffbfeff, sa_flags=0x10000004
SIGINT: [libjvm.so+0x306c90], sa_mask[0]=0x7ffbfeff, sa_flags=0x10000004
SIGQUIT: [libjvm.so+0x306c90], sa_mask[0]=0x7ffbfeff, sa_flags=0x10000004
SIGTERM: [libjvm.so+0x306c90], sa_mask[0]=0x7ffbfeff, sa_flags=0x10000004
SIGUSR2: [libjvm.so+0x307270], sa_mask[0]=0x00000004, sa_flags=0x10000004


---------------  S Y S T E M  ---------------

OS:squeeze/sid

uname:Linux 2.6.32-29-generic #58-Ubuntu SMP Fri Feb 11 19:00:09 UTC 2011 i686
libc:glibc 2.11.1 NPTL 2.11.1 
rlimit: STACK 8192k, CORE 0k, NPROC infinity, NOFILE 1024, AS infinity
load average:0.65 0.74 0.69

CPU:total 2 family 6, cmov, cx8, fxsr, mmx, sse, sse2

Memory: 4k page, physical 2052032k(432308k free), swap 3903752k(3899040k free)

vm_info: Java HotSpot(TM) Client VM (1.6.0_01-b06) for linux-x86, built on Mar 14 2007 01:00:53 by "java_re" with gcc 3.2.1-7a (J2SE release)

