#
# An unexpected error has been detected by Java Runtime Environment:
#
#  SIGSEGV (0xb) at pc=0x061e7ddb, pid=14380, tid=3037338480
#
# Java VM: Java HotSpot(TM) Client VM (1.6.0_01-b06 mixed mode, sharing)
# Problematic frame:
# V  [libjvm.so+0x1e7ddb]
#
# If you would like to submit a bug report, please visit:
#   http://java.sun.com/webapps/bugreport/crash.jsp
#

---------------  T H R E A D  ---------------

Current thread (0x091ef800):  VMThread [id=14384]

siginfo:si_signo=11, si_errno=0, si_code=1, si_addr=0x87b2b3d8

Registers:
EAX=0x87b2b3d8, EBX=0x94120a48, ECX=0x94120ba8, EDX=0x8fb2b3c8
ESP=0xb50a0c74, EBP=0xb50a0c88, ESI=0x94120bb8, EDI=0x8fb2b3cc
EIP=0x061e7ddb, CR2=0x87b2b3d8, EFLAGS=0x00010286

Top of Stack: (sp=0xb50a0c74)
0xb50a0c74:   94120bbc 00000006 8fb2b3c0 091d6e90
0xb50a0c84:   8fb4d320 b50a0cb8 0634c6f0 94120a48
0xb50a0c94:   8fb2b3c0 00000003 00000003 091d4e68
0xb50a0ca4:   06436318 8fb4d320 091d4e68 b50a0d10
0xb50a0cb4:   00000001 b50a0cd8 0618c417 091d6e90
0xb50a0cc4:   00000001 b50a0d78 091d4e68 091d6ca8
0xb50a0cd4:   00000001 b50a0d78 061d2017 091d6ca8
0xb50a0ce4:   b50a0d30 00000001 00000000 8be00000 

Instructions: (pc=0x061e7ddb)
0x061e7dcb:   ff 00 00 8d 3c 82 39 fa 73 2f 8b 02 85 c0 74 22
0x061e7ddb:   8b 18 80 3d 2d c0 41 06 00 74 0c 89 d8 31 c9 83 

Stack: [0xb5021000,0xb50a2000),  sp=0xb50a0c74,  free space=511k
Native frames: (J=compiled Java code, j=interpreted, Vv=VM code, C=native code)
V  [libjvm.so+0x1e7ddb]
V  [libjvm.so+0x34c6f0]
V  [libjvm.so+0x18c417]
V  [libjvm.so+0x1d2017]
V  [libjvm.so+0x1da60a]
V  [libjvm.so+0x1cfb14]
V  [libjvm.so+0x184025]
V  [libjvm.so+0x1cfe9c]
V  [libjvm.so+0x3af1de]
V  [libjvm.so+0x3c1367]
V  [libjvm.so+0x3c09ec]
V  [libjvm.so+0x3c0bba]
V  [libjvm.so+0x3c079f]
V  [libjvm.so+0x306aa3]
C  [libpthread.so.0+0x596e]

VM_Operation (0xb763a53c): generation collection for allocation, mode: safepoint, requested by thread 0x091d1000


---------------  P R O C E S S  ---------------

Java Threads: ( => current thread )
  0x09205800 JavaThread "Low Memory Detector" daemon [_thread_blocked, id=14389]
  0x09204000 JavaThread "CompilerThread0" daemon [_thread_blocked, id=14388]
  0x09202c00 JavaThread "Signal Dispatcher" daemon [_thread_blocked, id=14387]
  0x091fa000 JavaThread "Finalizer" daemon [_thread_blocked, id=14386]
  0x091f9000 JavaThread "Reference Handler" daemon [_thread_blocked, id=14385]
  0x091d1000 JavaThread "main" [_thread_blocked, id=14383]

Other Threads:
=>0x091ef800 VMThread [id=14384]
  0x09207400 WatcherThread [id=14390]

VM state:at safepoint (normal execution)

VM Mutex/Monitor currently owned by a thread:  ([mutex/lock_event])
[0x091cebd0/0x091cebf8] Threads_lock - owner thread: 0x091ef800
[0x091cf090/0x091cf0a8] Heap_lock - owner thread: 0x091d1000

Heap
 def new generation   total 1024K, used 63K [0x8b920000, 0x8ba30000, 0x8be00000)
  eden space 960K,   0% used [0x8b920000, 0x8b920000, 0x8ba10000)
  from space 64K,  99% used [0x8ba20000, 0x8ba2fff8, 0x8ba30000)
  to   space 64K,   0% used [0x8ba10000, 0x8ba10000, 0x8ba20000)
 tenured generation   total 12716K, used 12696K [0x8be00000, 0x8ca6b000, 0x8f920000)
   the space 12716K,  99% used [0x8be00000, 0x8ca66230, 0x8c973800, 0x8ca6b000)
 compacting perm gen  total 12288K, used 2228K [0x8f920000, 0x90520000, 0x93920000)
   the space 12288K,  18% used [0x8f920000, 0x8fb4d320, 0x8fb4d400, 0x90520000)
    ro space 8192K,  73% used [0x93920000, 0x93effff8, 0x93f00000, 0x94120000)
    rw space 12288K,  57% used [0x94120000, 0x94812750, 0x94812800, 0x94d20000)

Dynamic libraries:
06000000-06412000 r-xp 00000000 08:01 657761     /home/marczal/jdk1.6.0_01/jre/lib/i386/client/libjvm.so
06412000-0642b000 rwxp 00412000 08:01 657761     /home/marczal/jdk1.6.0_01/jre/lib/i386/client/libjvm.so
0642b000-0684a000 rwxp 00000000 00:00 0 
08048000-08052000 r-xp 00000000 08:01 1192978    /home/marczal/jdk1.6.0_01/bin/javac
08052000-08053000 rwxp 00009000 08:01 1192978    /home/marczal/jdk1.6.0_01/bin/javac
091ca000-094c4000 rwxp 00000000 00:00 0          [heap]
8b920000-8ba30000 rwxp 00000000 00:00 0 
8ba30000-8be00000 rwxp 00000000 00:00 0 
8be00000-8ca6b000 rwxp 00000000 00:00 0 
8ca6b000-8f920000 rwxp 00000000 00:00 0 
8f920000-90520000 rwxp 00000000 00:00 0 
90520000-93920000 rwxp 00000000 00:00 0 
93920000-93f00000 r-xs 00001000 08:01 659156     /home/marczal/jdk1.6.0_01/jre/lib/i386/client/classes.jsa
93f00000-94120000 rwxp 00000000 00:00 0 
94120000-94813000 rwxp 005e1000 08:01 659156     /home/marczal/jdk1.6.0_01/jre/lib/i386/client/classes.jsa
94813000-94d20000 rwxp 00000000 00:00 0 
94d20000-94df9000 rwxp 00cd4000 08:01 659156     /home/marczal/jdk1.6.0_01/jre/lib/i386/client/classes.jsa
94df9000-95120000 rwxp 00000000 00:00 0 
95120000-95124000 r-xs 00dad000 08:01 659156     /home/marczal/jdk1.6.0_01/jre/lib/i386/client/classes.jsa
95124000-95520000 rwxp 00000000 00:00 0 
b3600000-b36f1000 rwxp 00000000 00:00 0 
b36f1000-b3700000 ---p 00000000 00:00 0 
b3709000-b370c000 r-xs 000ca000 08:01 659160     /home/marczal/jdk1.6.0_01/jre/lib/ext/localedata.jar
b370c000-b370e000 r-xs 00001000 08:01 657738     /home/marczal/jdk1.6.0_01/jre/lib/ext/dnsns.jar
b370e000-b3711000 r-xs 00034000 08:01 657736     /home/marczal/jdk1.6.0_01/jre/lib/ext/sunpkcs11.jar
b3711000-b3714000 r-xs 00027000 08:01 657735     /home/marczal/jdk1.6.0_01/jre/lib/ext/sunjce_provider.jar
b3714000-b3722000 r-xs 00656000 08:01 659157     /home/marczal/jdk1.6.0_01/jre/lib/charsets.jar
b3722000-b3725000 r-xs 00013000 08:01 657883     /home/marczal/jdk1.6.0_01/jre/lib/jce.jar
b3725000-b372b000 r-xs 00091000 08:01 657862     /home/marczal/jdk1.6.0_01/jre/lib/jsse.jar
b372b000-b3893000 r-xs 00d0c000 08:01 663683     /home/marczal/jdk1.6.0_01/lib/ct.sym
b3893000-b389a000 r-xs 00106000 08:01 657967     /home/marczal/jdk1.6.0_01/jre/lib/resources.jar
b389a000-b38f9000 r-xs 00baa000 08:01 1492747    /usr/lib/jvm/java-6-sun-1.6.0.24/lib/tools.jar
b38f9000-b38fb000 r-xs 00015000 08:01 238453     /usr/share/java/ant-junit-1.7.1.jar
b38fb000-b38fc000 r-xs 00001000 08:01 238455     /usr/share/java/ant-swing-1.7.1.jar
b38fc000-b38fd000 r-xs 00000000 08:01 238443     /usr/share/java/ant-apache-log4j-1.7.1.jar
b38fd000-b38fe000 r-xs 00001000 08:01 238450     /usr/share/java/ant-jdepend-1.7.1.jar
b38fe000-b3900000 r-xs 00001000 08:01 238440     /usr/share/java/ant-apache-bcel-1.7.1.jar
b3900000-b3b00000 rwxp 00000000 00:00 0 
b3b00000-b3c00000 rwxp 00000000 00:00 0 
b3c00000-b3c01000 r-xs 00001000 08:01 238451     /usr/share/java/ant-jmf-1.7.1.jar
b3c01000-b3c02000 r-xs 00001000 08:01 238449     /usr/share/java/ant-javamail-1.7.1.jar
b3c02000-b3c16000 r-xs 00135000 08:01 1888063    /usr/share/java/ant-1.7.1.jar
b3c16000-b3c17000 r-xs 00001000 08:01 238456     /usr/share/java/ant-trax-1.7.1.jar
b3c17000-b3c18000 r-xs 00000000 08:01 238441     /usr/share/java/ant-apache-bsf-1.7.1.jar
b3c18000-b3c1a000 r-xs 00006000 08:01 238452     /usr/share/java/ant-jsch-1.7.1.jar
b3c1a000-b3c22000 r-xs 00062000 08:01 238454     /usr/share/java/ant-nodeps-1.7.1.jar
b3c22000-b3c23000 r-xs 00000000 08:01 238447     /usr/share/java/ant-commons-logging-1.7.1.jar
b3c23000-b3c24000 r-xs 00000000 08:01 238445     /usr/share/java/ant-apache-regexp-1.7.1.jar
b3c24000-b3c26000 r-xs 00008000 08:01 238444     /usr/share/java/ant-apache-oro-1.7.1.jar
b3c26000-b3c28000 r-xs 0000a000 08:01 238448     /usr/share/java/ant-commons-net-1.7.1.jar
b3c28000-b3c29000 r-xs 00001000 08:01 238436     /usr/share/java/ant-antlr-1.7.1.jar
b3c29000-b3c2a000 r-xs 00000000 08:01 238446     /usr/share/java/ant-apache-resolver-1.7.1.jar
b3c2a000-b3c42000 r-xs 00114000 08:01 1888060    /usr/share/java/xercesImpl-2.9.1.jar
b3c42000-b3c4a000 r-xs 0002d000 08:01 1377822    /usr/share/maven-repo/javax/xml/jaxp-api/1.3/jaxp-api-1.3.jar
b3c4a000-b3c4b000 r-xs 00002000 08:01 1888064    /usr/share/java/ant-launcher-1.7.1.jar
b3c4b000-b3c53000 r-xs 00042000 08:01 874245     /home/marczal/workspaceDoc/carrie/lib/xmlsec-2.0.jar
b3c53000-b3c5b000 r-xs 00047000 08:01 2118133    /home/marczal/workspaceDoc/carrie/lib/simple-xml-2.4.1.jar
b3c5b000-b3c65000 r-xs 000ef000 08:01 2109620    /home/marczal/workspaceDoc/carrie/lib/plugin.jar
b3c65000-b3c68000 r-xs 0000c000 08:01 656637     /home/marczal/workspaceDoc/carrie/lib/objenesis-tck-1.2.jar
b3c68000-b3c6e000 r-xs 0007f000 08:01 165695     /home/marczal/workspaceDoc/carrie/lib/mysql-connector-java-5.0.8-bin.jar
b3c6e000-b3c71000 r-xs 00019000 08:01 2109602    /home/marczal/workspaceDoc/carrie/lib/easymock-3.0.jar
b3c71000-b3ca1000 r-xs 00227000 08:01 165688     /home/marczal/workspaceDoc/carrie/lib/db4o-7.12.156.14667-all-java5.jar
b3ca1000-b3ca4000 r-xs 00024000 08:01 2117996    /home/marczal/workspaceDoc/carrie/lib/commons-io-2.0.1.jar
b3ca4000-b3cab000 r-xs 0003e000 08:01 660512     /home/marczal/workspaceDoc/carrie/lib/cglib-2.2.jar
b3cab000-b3cae000 r-xs 0000b000 08:01 2109946    /home/marczal/workspaceDoc/carrie/lib/balloontip-1.1.1.jar
b3cae000-b3cb3000 r-xs 0002e000 08:01 975905     /home/marczal/workspaceDoc/carrie/lib/asm-all-3.3.1.jar
b3cb3000-b3cb4000 r-xs 00000000 08:01 2109323    /home/marczal/workspaceDoc/carrie/lib/Fest-Swing/jcip-annotations-1.0.jar
b3cb4000-b3cb6000 r-xs 00002000 08:01 2109303    /home/marczal/workspaceDoc/carrie/lib/Fest-Swing/fest-util-1.0.jar
b3cb6000-b3cb7000 r-xs 00003000 08:01 2109302    /home/marczal/workspaceDoc/carrie/lib/Fest-Swing/fest-util-1.0-sources.jar
b3cb7000-b3cc6000 r-xs 0007f000 08:01 2109325    /home/marczal/workspaceDoc/carrie/lib/Fest-Swing/fest-swing-1.0rc2.jar
b3cc6000-b3cc8000 r-xs 00004000 08:01 2109322    /home/marczal/workspaceDoc/carrie/lib/Fest-Swing/fest-reflect-1.0.jar
b3cc8000-b3cca000 r-xs 00005000 08:01 2109304    /home/marczal/workspaceDoc/carrie/lib/Fest-Swing/fest-reflect-1.0-sources.jar
b3cca000-b3ccc000 r-xs 00010000 08:01 2109301    /home/marczal/workspaceDoc/carrie/lib/Fest-Swing/fest-assert-1.0.jar
b3ccc000-b3cce000 r-xs 00010000 08:01 2109305    /home/marczal/workspaceDoc/carrie/lib/Fest-Swing/fest-assert-1.0-sources.jar
b3cce000-b3cfe000 rwxp 00000000 00:00 0 
b3cfe000-b3e79000 r-xs 02c75000 08:01 655624     /home/marczal/jdk1.6.0_01/jre/lib/rt.jar
b3e79000-b3ed5000 r-xs 00b3c000 08:01 664535     /home/marczal/jdk1.6.0_01/lib/tools.jar
b3ed5000-b3ed6000 ---p 00000000 00:00 0 
b3ed6000-b3f56000 rwxp 00000000 00:00 0 
b3f56000-b3f59000 ---p 00000000 00:00 0 
b3f59000-b4357000 rwxp 00000000 00:00 0 
b4357000-b435a000 ---p 00000000 00:00 0 
b435a000-b43d8000 rwxp 00000000 00:00 0 
b43d8000-b43db000 ---p 00000000 00:00 0 
b43db000-b47d9000 rwxp 00000000 00:00 0 
b47d9000-b47e0000 r-xs 00000000 08:01 311801     /usr/lib/gconv/gconv-modules.cache
b47e0000-b481f000 r-xp 00000000 08:01 1115045    /usr/lib/locale/en_US.utf8/LC_CTYPE
b481f000-b4822000 ---p 00000000 00:00 0 
b4822000-b4c20000 rwxp 00000000 00:00 0 
b4c20000-b4c23000 ---p 00000000 00:00 0 
b4c23000-b5021000 rwxp 00000000 00:00 0 
b5021000-b5022000 ---p 00000000 00:00 0 
b5022000-b50b0000 rwxp 00000000 00:00 0 
b50b0000-b50ca000 rwxp 00000000 00:00 0 
b50ca000-b50d1000 rwxp 00000000 00:00 0 
b50d1000-b50e8000 rwxp 00000000 00:00 0 
b50e8000-b50e9000 rwxp 00000000 00:00 0 
b50e9000-b50ea000 rwxp 00000000 00:00 0 
b50ea000-b50f1000 rwxp 00000000 00:00 0 
b50f1000-b5108000 rwxp 00000000 00:00 0 
b5108000-b510e000 rwxp 00000000 00:00 0 
b510e000-b5128000 rwxp 00000000 00:00 0 
b5128000-b5139000 rwxp 00000000 00:00 0 
b5139000-b51b3000 rwxp 00000000 00:00 0 
b51b3000-b5323000 rwxp 00000000 00:00 0 
b5323000-b71b3000 rwxp 00000000 00:00 0 
b71b3000-b71c2000 r-xp 00000000 08:01 657781     /home/marczal/jdk1.6.0_01/jre/lib/i386/libzip.so
b71c2000-b71c4000 rwxp 0000e000 08:01 657781     /home/marczal/jdk1.6.0_01/jre/lib/i386/libzip.so
b71c4000-b71e7000 r-xp 00000000 08:01 657776     /home/marczal/jdk1.6.0_01/jre/lib/i386/libjava.so
b71e7000-b71e9000 rwxp 00023000 08:01 657776     /home/marczal/jdk1.6.0_01/jre/lib/i386/libjava.so
b71e9000-b71f4000 r-xp 00000000 08:01 657775     /home/marczal/jdk1.6.0_01/jre/lib/i386/libverify.so
b71f4000-b71f5000 rwxp 0000b000 08:01 657775     /home/marczal/jdk1.6.0_01/jre/lib/i386/libverify.so
b71f5000-b71ff000 r-xp 00000000 08:01 540865     /lib/tls/i686/cmov/libnss_files-2.11.1.so
b71ff000-b7200000 r-xp 00009000 08:01 540865     /lib/tls/i686/cmov/libnss_files-2.11.1.so
b7200000-b7201000 rwxp 0000a000 08:01 540865     /lib/tls/i686/cmov/libnss_files-2.11.1.so
b7201000-b7209000 r-xp 00000000 08:01 540867     /lib/tls/i686/cmov/libnss_nis-2.11.1.so
b7209000-b720a000 r-xp 00007000 08:01 540867     /lib/tls/i686/cmov/libnss_nis-2.11.1.so
b720a000-b720b000 rwxp 00008000 08:01 540867     /lib/tls/i686/cmov/libnss_nis-2.11.1.so
b720b000-b721e000 r-xp 00000000 08:01 540862     /lib/tls/i686/cmov/libnsl-2.11.1.so
b721e000-b721f000 r-xp 00012000 08:01 540862     /lib/tls/i686/cmov/libnsl-2.11.1.so
b721f000-b7220000 rwxp 00013000 08:01 540862     /lib/tls/i686/cmov/libnsl-2.11.1.so
b7220000-b7222000 rwxp 00000000 00:00 0 
b7222000-b7224000 r-xs 00003000 08:01 2109324    /home/marczal/workspaceDoc/carrie/lib/Fest-Swing/debug-1.0.jar
b7224000-b7226000 r-xs 00003000 08:01 2109306    /home/marczal/workspaceDoc/carrie/lib/Fest-Swing/MRJToolkitStubs-1.0.jar
b7226000-b722b000 rwxp 00000000 00:00 0 
b722b000-b7233000 rwxs 00000000 08:01 1042768    /tmp/hsperfdata_marczal/14380
b7233000-b723a000 r-xp 00000000 08:01 540872     /lib/tls/i686/cmov/librt-2.11.1.so
b723a000-b723b000 r-xp 00006000 08:01 540872     /lib/tls/i686/cmov/librt-2.11.1.so
b723b000-b723c000 rwxp 00007000 08:01 540872     /lib/tls/i686/cmov/librt-2.11.1.so
b723c000-b723f000 ---p 00000000 00:00 0 
b723f000-b763d000 rwxp 00000000 00:00 0 
b763d000-b7661000 r-xp 00000000 08:01 540860     /lib/tls/i686/cmov/libm-2.11.1.so
b7661000-b7662000 r-xp 00023000 08:01 540860     /lib/tls/i686/cmov/libm-2.11.1.so
b7662000-b7663000 rwxp 00024000 08:01 540860     /lib/tls/i686/cmov/libm-2.11.1.so
b7663000-b7664000 rwxp 00000000 00:00 0 
b7664000-b77b7000 r-xp 00000000 08:01 1786974    /lib/tls/i686/cmov/libc-2.11.1.so
b77b7000-b77b8000 ---p 00153000 08:01 1786974    /lib/tls/i686/cmov/libc-2.11.1.so
b77b8000-b77ba000 r-xp 00153000 08:01 1786974    /lib/tls/i686/cmov/libc-2.11.1.so
b77ba000-b77bb000 rwxp 00155000 08:01 1786974    /lib/tls/i686/cmov/libc-2.11.1.so
b77bb000-b77be000 rwxp 00000000 00:00 0 
b77be000-b77c0000 r-xp 00000000 08:01 540859     /lib/tls/i686/cmov/libdl-2.11.1.so
b77c0000-b77c1000 r-xp 00001000 08:01 540859     /lib/tls/i686/cmov/libdl-2.11.1.so
b77c1000-b77c2000 rwxp 00002000 08:01 540859     /lib/tls/i686/cmov/libdl-2.11.1.so
b77c2000-b77c9000 r-xp 00000000 08:01 657779     /home/marczal/jdk1.6.0_01/jre/lib/i386/jli/libjli.so
b77c9000-b77cb000 rwxp 00006000 08:01 657779     /home/marczal/jdk1.6.0_01/jre/lib/i386/jli/libjli.so
b77cb000-b77cc000 rwxp 00000000 00:00 0 
b77cc000-b77e1000 r-xp 00000000 08:01 540870     /lib/tls/i686/cmov/libpthread-2.11.1.so
b77e1000-b77e2000 r-xp 00014000 08:01 540870     /lib/tls/i686/cmov/libpthread-2.11.1.so
b77e2000-b77e3000 rwxp 00015000 08:01 540870     /lib/tls/i686/cmov/libpthread-2.11.1.so
b77e3000-b77e5000 rwxp 00000000 00:00 0 
b77e5000-b77eb000 r-xp 00000000 08:01 540863     /lib/tls/i686/cmov/libnss_compat-2.11.1.so
b77eb000-b77ec000 r-xp 00006000 08:01 540863     /lib/tls/i686/cmov/libnss_compat-2.11.1.so
b77ec000-b77ed000 rwxp 00007000 08:01 540863     /lib/tls/i686/cmov/libnss_compat-2.11.1.so
b77ed000-b77f3000 r-xp 00000000 08:01 657743     /home/marczal/jdk1.6.0_01/jre/lib/i386/native_threads/libhpi.so
b77f3000-b77f4000 rwxp 00006000 08:01 657743     /home/marczal/jdk1.6.0_01/jre/lib/i386/native_threads/libhpi.so
b77f4000-b77f5000 rwxp 00000000 00:00 0 
b77f5000-b77f6000 ---p 00000000 00:00 0 
b77f6000-b77f8000 rwxp 00000000 00:00 0 
b77f8000-b77f9000 r-xp 00000000 00:00 0          [vdso]
b77f9000-b7814000 r-xp 00000000 08:01 1761628    /lib/ld-2.11.1.so
b7814000-b7815000 r-xp 0001a000 08:01 1761628    /lib/ld-2.11.1.so
b7815000-b7816000 rwxp 0001b000 08:01 1761628    /lib/ld-2.11.1.so
bff43000-bff59000 rwxp 00000000 00:00 0          [stack]

VM Arguments:
jvm_args: -Dapplication.home=/home/marczal/jdk1.6.0_01 -Xms8m -Xss4m -ea:com.sun.tools...
java_command: com.sun.tools.javac.Main -d /home/marczal/workspaceDoc/carrie/bin -classpath /home/marczal/workspaceDoc/carrie/bin:/home/marczal/workspaceDoc/carrie/lib/Fest-Swing/MRJToolkitStubs-1.0.jar:/home/marczal/workspaceDoc/carrie/lib/Fest-Swing/debug-1.0.jar:/home/marczal/workspaceDoc/carrie/lib/Fest-Swing/fest-assert-1.0-sources.jar:/home/marczal/workspaceDoc/carrie/lib/Fest-Swing/fest-assert-1.0.jar:/home/marczal/workspaceDoc/carrie/lib/Fest-Swing/fest-reflect-1.0-sources.jar:/home/marczal/workspaceDoc/carrie/lib/Fest-Swing/fest-reflect-1.0.jar:/home/marczal/workspaceDoc/carrie/lib/Fest-Swing/fest-swing-1.0rc2.jar:/home/marczal/workspaceDoc/carrie/lib/Fest-Swing/fest-util-1.0-sources.jar:/home/marczal/workspaceDoc/carrie/lib/Fest-Swing/fest-util-1.0.jar:/home/marczal/workspaceDoc/carrie/lib/Fest-Swing/jcip-annotations-1.0.jar:/home/marczal/workspaceDoc/carrie/lib/asm-all-3.3.1.jar:/home/marczal/workspaceDoc/carrie/lib/balloontip-1.1.1.jar:/home/marczal/workspaceDoc/carrie/lib/cglib-2.2.jar:/home/marczal/workspaceDoc/carrie/lib/commons-io-2.0.1.jar:/home/marczal/workspaceDoc/carrie/lib/db4o-7.12.156.14667-all-java5.jar:/home/marczal/workspaceDoc/carrie/lib/easymock-3.0.jar:/home/marczal/workspaceDoc/carrie/lib/mysql-connector-java-5.0.8-bin.jar:/home/marczal/workspaceDoc/carrie/lib/objenesis-tck-1.2.jar:/home/marczal/workspaceDoc/carrie/lib/plugin.jar:/home/marczal/workspaceDoc/carrie/lib/simple-xml-2.4.1.jar:/home/marczal/workspaceDoc/carrie/lib/xmlsec-2.0.jar:/usr/share/ant/lib/ant-launcher.jar:/usr/share/java/xmlParserAPIs.jar:/usr/share/java/xercesImpl.jar:/usr/share/ant/lib/ant-apache-resolver.jar:/usr/share/ant/lib/ant-antlr.jar:/usr/share/ant/lib/ant-commons-net.jar:/usr/share/ant/lib/ant-apache-oro.jar:/usr/share/ant/lib/ant-apache-regexp.jar:/usr/share/ant/lib/ant-commons-logging.jar:/usr/share/ant/lib/ant-nodeps.jar:/usr/share/ant/lib/ant-jsch.jar:/usr/share/ant/lib/ant-apache-bsf.jar:/usr/share/ant/lib/ant-trax.jar:/usr/share/ant/lib/ant.jar:/usr
Launcher Type: SUN_STANDARD

Environment Variables:
PATH=/home/marczal/.rvm/bin:/usr/local/sbin:/usr/local/bin:/usr/sbin:/usr/bin:/sbin:/bin:/usr/games
USERNAME=marczal
LD_LIBRARY_PATH=/home/marczal/jdk1.6.0_01/jre/lib/i386/client:/home/marczal/jdk1.6.0_01/jre/lib/i386:/home/marczal/jdk1.6.0_01/jre/../lib/i386:/usr/lib/jvm/java-6-sun-1.6.0.24/jre/lib/i386/server:/usr/lib/jvm/java-6-sun-1.6.0.24/jre/lib/i386:/usr/lib/jvm/java-6-sun-1.6.0.24/jre/../lib/i386
SHELL=/bin/bash
DISPLAY=:0.0

Signal Handlers:
SIGSEGV: [libjvm.so+0x3aeee0], sa_mask[0]=0x7ffbfeff, sa_flags=0x10000004
SIGBUS: [libjvm.so+0x3aeee0], sa_mask[0]=0x7ffbfeff, sa_flags=0x10000004
SIGFPE: [libjvm.so+0x305260], sa_mask[0]=0x7ffbfeff, sa_flags=0x10000004
SIGPIPE: [libjvm.so+0x305260], sa_mask[0]=0x7ffbfeff, sa_flags=0x10000004
SIGILL: [libjvm.so+0x305260], sa_mask[0]=0x7ffbfeff, sa_flags=0x10000004
SIGUSR1: SIG_DFL, sa_mask[0]=0x00000000, sa_flags=0x00000000
SIGUSR2: [libjvm.so+0x307270], sa_mask[0]=0x00000004, sa_flags=0x10000004
SIGHUP: [libjvm.so+0x306c90], sa_mask[0]=0x7ffbfeff, sa_flags=0x10000004
SIGINT: [libjvm.so+0x306c90], sa_mask[0]=0x7ffbfeff, sa_flags=0x10000004
SIGQUIT: [libjvm.so+0x306c90], sa_mask[0]=0x7ffbfeff, sa_flags=0x10000004
SIGTERM: [libjvm.so+0x306c90], sa_mask[0]=0x7ffbfeff, sa_flags=0x10000004
SIGUSR2: [libjvm.so+0x307270], sa_mask[0]=0x00000004, sa_flags=0x10000004


---------------  S Y S T E M  ---------------

OS:squeeze/sid

uname:Linux 2.6.32-29-generic #58-Ubuntu SMP Fri Feb 11 19:00:09 UTC 2011 i686
libc:glibc 2.11.1 NPTL 2.11.1 
rlimit: STACK 8192k, CORE 0k, NPROC infinity, NOFILE 1024, AS infinity
load average:0.90 0.83 0.71

CPU:total 2 family 6, cmov, cx8, fxsr, mmx, sse, sse2

Memory: 4k page, physical 2052032k(430540k free), swap 3903752k(3899040k free)

vm_info: Java HotSpot(TM) Client VM (1.6.0_01-b06) for linux-x86, built on Mar 14 2007 01:00:53 by "java_re" with gcc 3.2.1-7a (J2SE release)

